mode: set
github.com/alinonea/main/controller/handler.go:18.64,22.2 1 1
github.com/alinonea/main/controller/handler.go:24.79,32.16 5 1
github.com/alinonea/main/controller/handler.go:32.16,35.3 2 0
github.com/alinonea/main/controller/handler.go:37.2,40.40 2 1
github.com/alinonea/main/controller/handler.go:40.40,41.32 1 1
github.com/alinonea/main/controller/handler.go:41.32,43.4 1 1
github.com/alinonea/main/controller/handler.go:46.2,51.16 4 1
github.com/alinonea/main/controller/handler.go:51.16,53.3 1 0
github.com/alinonea/main/controller/handler.go:55.2,63.16 5 1
github.com/alinonea/main/controller/handler.go:63.16,70.3 6 1
github.com/alinonea/main/controller/handler.go:72.2,73.23 2 1
github.com/alinonea/main/repo/db.go:17.69,23.16 3 1
github.com/alinonea/main/repo/db.go:23.16,25.3 1 0
github.com/alinonea/main/repo/db.go:28.2,28.33 1 1
github.com/alinonea/main/repo/db.go:28.33,30.3 1 1
github.com/alinonea/main/repo/db.go:32.2,35.8 2 1
github.com/alinonea/main/repo/db.go:38.32,44.16 2 1
github.com/alinonea/main/repo/db.go:44.16,46.3 1 1
github.com/alinonea/main/repo/db.go:48.2,48.12 1 1
github.com/alinonea/main/repo/requests.go:18.66,22.2 1 1
github.com/alinonea/main/repo/requests.go:24.74,26.16 2 1
github.com/alinonea/main/repo/requests.go:26.16,28.3 1 1
github.com/alinonea/main/repo/requests.go:30.2,30.12 1 1
